[29-Apr-2021 04:32:16 UTC] PHP Fatal error:  Uncaught RuntimeException: A facade root has not been set. in /home/wdnglbxe1zoj/public_html/projects/EMS/vendor/laravel/framework/src/Illuminate/Support/Facades/Facade.php:258
Stack trace:
#0 /home/wdnglbxe1zoj/public_html/projects/EMS/vendor/laravel/framework/src/Illuminate/Foundation/Exceptions/RegisterErrorViewPaths.php(18): Illuminate\Support\Facades\Facade::__callStatic('replaceNamespac...', Array)
#1 /home/wdnglbxe1zoj/public_html/projects/EMS/vendor/laravel/framework/src/Illuminate/Foundation/Exceptions/Handler.php(582): Illuminate\Foundation\Exceptions\RegisterErrorViewPaths->__invoke()
#2 /home/wdnglbxe1zoj/public_html/projects/EMS/vendor/laravel/framework/src/Illuminate/Foundation/Exceptions/Handler.php(563): Illuminate\Foundation\Exceptions\Handler->registerErrorViewPaths()
#3 /home/wdnglbxe1zoj/public_html/projects/EMS/vendor/laravel/framework/src/Illuminate/Foundation/Exceptions/Handler.php(474): Illuminate\Foundation\Exceptions\Handler->renderHttpException(Object(Symfony\Component\HttpKernel\Ex in /home/wdnglbxe1zoj/public_html/projects/EMS/vendor/laravel/framework/src/Illuminate/Support/Facades/Facade.php on line 258
[29-Apr-2021 04:32:29 UTC] PHP Fatal error:  Uncaught RuntimeException: A facade root has not been set. in /home/wdnglbxe1zoj/public_html/projects/EMS/vendor/laravel/framework/src/Illuminate/Support/Facades/Facade.php:258
Stack trace:
#0 /home/wdnglbxe1zoj/public_html/projects/EMS/vendor/laravel/framework/src/Illuminate/Foundation/Exceptions/RegisterErrorViewPaths.php(18): Illuminate\Support\Facades\Facade::__callStatic('replaceNamespac...', Array)
#1 /home/wdnglbxe1zoj/public_html/projects/EMS/vendor/laravel/framework/src/Illuminate/Foundation/Exceptions/Handler.php(582): Illuminate\Foundation\Exceptions\RegisterErrorViewPaths->__invoke()
#2 /home/wdnglbxe1zoj/public_html/projects/EMS/vendor/laravel/framework/src/Illuminate/Foundation/Exceptions/Handler.php(563): Illuminate\Foundation\Exceptions\Handler->registerErrorViewPaths()
#3 /home/wdnglbxe1zoj/public_html/projects/EMS/vendor/laravel/framework/src/Illuminate/Foundation/Exceptions/Handler.php(474): Illuminate\Foundation\Exceptions\Handler->renderHttpException(Object(Symfony\Component\HttpKernel\Ex in /home/wdnglbxe1zoj/public_html/projects/EMS/vendor/laravel/framework/src/Illuminate/Support/Facades/Facade.php on line 258
[29-Apr-2021 04:33:57 UTC] PHP Fatal error:  Uncaught RuntimeException: A facade root has not been set. in /home/wdnglbxe1zoj/public_html/projects/EMS/vendor/laravel/framework/src/Illuminate/Support/Facades/Facade.php:258
Stack trace:
#0 /home/wdnglbxe1zoj/public_html/projects/EMS/vendor/laravel/framework/src/Illuminate/Foundation/Exceptions/RegisterErrorViewPaths.php(18): Illuminate\Support\Facades\Facade::__callStatic('replaceNamespac...', Array)
#1 /home/wdnglbxe1zoj/public_html/projects/EMS/vendor/laravel/framework/src/Illuminate/Foundation/Exceptions/Handler.php(582): Illuminate\Foundation\Exceptions\RegisterErrorViewPaths->__invoke()
#2 /home/wdnglbxe1zoj/public_html/projects/EMS/vendor/laravel/framework/src/Illuminate/Foundation/Exceptions/Handler.php(563): Illuminate\Foundation\Exceptions\Handler->registerErrorViewPaths()
#3 /home/wdnglbxe1zoj/public_html/projects/EMS/vendor/laravel/framework/src/Illuminate/Foundation/Exceptions/Handler.php(474): Illuminate\Foundation\Exceptions\Handler->renderHttpException(Object(Symfony\Component\HttpKernel\Ex in /home/wdnglbxe1zoj/public_html/projects/EMS/vendor/laravel/framework/src/Illuminate/Support/Facades/Facade.php on line 258
[29-Apr-2021 04:34:54 UTC] PHP Fatal error:  Uncaught RuntimeException: A facade root has not been set. in /home/wdnglbxe1zoj/public_html/projects/EMS/vendor/laravel/framework/src/Illuminate/Support/Facades/Facade.php:258
Stack trace:
#0 /home/wdnglbxe1zoj/public_html/projects/EMS/vendor/laravel/framework/src/Illuminate/Foundation/Exceptions/RegisterErrorViewPaths.php(18): Illuminate\Support\Facades\Facade::__callStatic('replaceNamespac...', Array)
#1 /home/wdnglbxe1zoj/public_html/projects/EMS/vendor/laravel/framework/src/Illuminate/Foundation/Exceptions/Handler.php(582): Illuminate\Foundation\Exceptions\RegisterErrorViewPaths->__invoke()
#2 /home/wdnglbxe1zoj/public_html/projects/EMS/vendor/laravel/framework/src/Illuminate/Foundation/Exceptions/Handler.php(563): Illuminate\Foundation\Exceptions\Handler->registerErrorViewPaths()
#3 /home/wdnglbxe1zoj/public_html/projects/EMS/vendor/laravel/framework/src/Illuminate/Foundation/Exceptions/Handler.php(474): Illuminate\Foundation\Exceptions\Handler->renderHttpException(Object(Symfony\Component\HttpKernel\Ex in /home/wdnglbxe1zoj/public_html/projects/EMS/vendor/laravel/framework/src/Illuminate/Support/Facades/Facade.php on line 258
[29-Apr-2021 04:40:30 UTC] PHP Fatal error:  Uncaught RuntimeException: A facade root has not been set. in /home/wdnglbxe1zoj/public_html/projects/EMS/vendor/laravel/framework/src/Illuminate/Support/Facades/Facade.php:258
Stack trace:
#0 /home/wdnglbxe1zoj/public_html/projects/EMS/vendor/laravel/framework/src/Illuminate/Foundation/Exceptions/RegisterErrorViewPaths.php(18): Illuminate\Support\Facades\Facade::__callStatic('replaceNamespac...', Array)
#1 /home/wdnglbxe1zoj/public_html/projects/EMS/vendor/laravel/framework/src/Illuminate/Foundation/Exceptions/Handler.php(582): Illuminate\Foundation\Exceptions\RegisterErrorViewPaths->__invoke()
#2 /home/wdnglbxe1zoj/public_html/projects/EMS/vendor/laravel/framework/src/Illuminate/Foundation/Exceptions/Handler.php(563): Illuminate\Foundation\Exceptions\Handler->registerErrorViewPaths()
#3 /home/wdnglbxe1zoj/public_html/projects/EMS/vendor/laravel/framework/src/Illuminate/Foundation/Exceptions/Handler.php(474): Illuminate\Foundation\Exceptions\Handler->renderHttpException(Object(Symfony\Component\HttpKernel\Ex in /home/wdnglbxe1zoj/public_html/projects/EMS/vendor/laravel/framework/src/Illuminate/Support/Facades/Facade.php on line 258
[29-Apr-2021 04:43:22 UTC] PHP Fatal error:  Uncaught RuntimeException: A facade root has not been set. in /home/wdnglbxe1zoj/public_html/projects/EMS/vendor/laravel/framework/src/Illuminate/Support/Facades/Facade.php:258
Stack trace:
#0 /home/wdnglbxe1zoj/public_html/projects/EMS/vendor/laravel/framework/src/Illuminate/Foundation/Exceptions/RegisterErrorViewPaths.php(18): Illuminate\Support\Facades\Facade::__callStatic('replaceNamespac...', Array)
#1 /home/wdnglbxe1zoj/public_html/projects/EMS/vendor/laravel/framework/src/Illuminate/Foundation/Exceptions/Handler.php(582): Illuminate\Foundation\Exceptions\RegisterErrorViewPaths->__invoke()
#2 /home/wdnglbxe1zoj/public_html/projects/EMS/vendor/laravel/framework/src/Illuminate/Foundation/Exceptions/Handler.php(563): Illuminate\Foundation\Exceptions\Handler->registerErrorViewPaths()
#3 /home/wdnglbxe1zoj/public_html/projects/EMS/vendor/laravel/framework/src/Illuminate/Foundation/Exceptions/Handler.php(474): Illuminate\Foundation\Exceptions\Handler->renderHttpException(Object(Symfony\Component\HttpKernel\Ex in /home/wdnglbxe1zoj/public_html/projects/EMS/vendor/laravel/framework/src/Illuminate/Support/Facades/Facade.php on line 258
[29-Apr-2021 04:48:36 UTC] PHP Fatal error:  Uncaught RuntimeException: A facade root has not been set. in /home/wdnglbxe1zoj/public_html/projects/EMS/vendor/laravel/framework/src/Illuminate/Support/Facades/Facade.php:258
Stack trace:
#0 /home/wdnglbxe1zoj/public_html/projects/EMS/vendor/laravel/framework/src/Illuminate/Foundation/Exceptions/RegisterErrorViewPaths.php(18): Illuminate\Support\Facades\Facade::__callStatic('replaceNamespac...', Array)
#1 /home/wdnglbxe1zoj/public_html/projects/EMS/vendor/laravel/framework/src/Illuminate/Foundation/Exceptions/Handler.php(582): Illuminate\Foundation\Exceptions\RegisterErrorViewPaths->__invoke()
#2 /home/wdnglbxe1zoj/public_html/projects/EMS/vendor/laravel/framework/src/Illuminate/Foundation/Exceptions/Handler.php(563): Illuminate\Foundation\Exceptions\Handler->registerErrorViewPaths()
#3 /home/wdnglbxe1zoj/public_html/projects/EMS/vendor/laravel/framework/src/Illuminate/Foundation/Exceptions/Handler.php(474): Illuminate\Foundation\Exceptions\Handler->renderHttpException(Object(Symfony\Component\HttpKernel\Ex in /home/wdnglbxe1zoj/public_html/projects/EMS/vendor/laravel/framework/src/Illuminate/Support/Facades/Facade.php on line 258
[06-May-2021 13:44:22 UTC] PHP Fatal error:  Cannot use isset() on the result of an expression (you can use "null !== expression" instead) in /home/wdnglbxe1zoj/public_html/projects/EMS/app/Http/Controllers/QuestionController.php on line 152
